  icode   ic inum1 inum2 inum3   subed  recmonps reccnstps  flow(m^3)   sed(t)      orgn(kg)    orgp(kg)    nitrate(kg) sol.p(kg)   sol.pst(mg) sor.pst(mg)
       1        1        1        0        0        0                         0.2875E+11  0.1292E+08  0.1863E+08  0.8176E+07  0.2701E+08  0.2221E+06  0.0000E+00  0.0000E+00
       1        2        2        0        0        0                         0.3113E+11  0.4339E+07  0.9852E+07  0.4783E+07  0.2310E+08  0.2476E+06  0.0000E+00  0.0000E+00
       1        3        3        0        0        0                         0.4272E+11  0.4281E+08  0.5534E+08  0.1679E+08  0.5555E+08  0.6610E+06  0.0000E+00  0.0000E+00
       1        4        4        0        0        0                         0.7716E+10  0.6365E+07  0.4881E+07  0.2761E+07  0.1008E+08  0.1937E+06  0.0000E+00  0.0000E+00
       1        5        5        0        0        0                         0.3186E+10  0.2474E+07  0.2223E+07  0.1445E+07  0.2773E+07  0.8568E+05  0.0000E+00  0.0000E+00
       1        6        6        0        0        0                         0.1177E+11  0.9273E+07  0.8651E+07  0.4750E+07  0.1045E+08  0.2529E+06  0.0000E+00  0.0000E+00
       1        7        7        0        0        0                         0.2860E+11  0.1301E+08  0.1625E+08  0.5200E+07  0.1470E+08  0.2456E+06  0.0000E+00  0.0000E+00
       1        8        8        0        0        0                         0.2586E+11  0.1370E+08  0.2032E+08  0.6699E+07  0.1462E+08  0.2159E+06  0.0000E+00  0.0000E+00
       1        9        9        0        0        0                         0.2158E+11  0.1110E+08  0.1375E+08  0.6303E+07  0.1619E+08  0.3140E+06  0.0000E+00  0.0000E+00
       1       10       10        0        0        0                         0.5817E+11  0.1222E+08  0.1803E+08  0.8972E+07  0.5102E+08  0.1045E+07  0.0000E+00  0.0000E+00
       1       11       11        0        0        0                         0.3240E+11  0.4741E+08  0.2459E+08  0.1256E+08  0.1776E+08  0.2752E+06  0.0000E+00  0.0000E+00
       1       12       12        0        0        0                         0.1055E+12  0.1426E+08  0.3130E+08  0.1552E+08  0.6540E+08  0.1095E+07  0.0000E+00  0.0000E+00
       1       13       13        0        0        0                         0.1378E+12  0.5151E+08  0.7593E+08  0.2710E+08  0.7280E+08  0.8550E+06  0.0000E+00  0.0000E+00
       1       14       14        0        0        0                         0.7134E+11  0.7642E+08  0.7145E+08  0.2584E+08  0.3485E+08  0.9625E+06  0.0000E+00  0.0000E+00
       1       15       15        0        0        0                         0.1138E+11  0.6384E+07  0.5132E+07  0.2841E+07  0.5344E+07  0.1129E+06  0.0000E+00  0.0000E+00
       1       16       16        0        0        0                         0.1689E+11  0.6539E+07  0.6880E+07  0.4662E+07  0.1187E+08  0.2686E+06  0.0000E+00  0.0000E+00
       1       17       17        0        0        0                         0.1716E+09  0.1204E+06  0.1085E+06  0.4677E+05  0.1262E+06  0.2959E+04  0.0000E+00  0.0000E+00
       1       18       18        0        0        0                         0.3302E+11  0.2083E+08  0.6506E+07  0.7408E+07  0.1663E+08  0.3545E+06  0.0000E+00  0.0000E+00
       1       19       19        0        0        0                         0.2764E+11  0.8604E+07  0.1200E+08  0.7851E+07  0.2112E+08  0.5460E+06  0.0000E+00  0.0000E+00
       1       20       20        0        0        0                         0.2530E+10  0.8462E+06  0.9790E+06  0.5951E+06  0.1586E+07  0.4768E+05  0.0000E+00  0.0000E+00
       1       21       21        0        0        0                         0.5990E+11  0.1795E+08  0.2869E+08  0.1079E+08  0.3586E+08  0.5415E+06  0.0000E+00  0.0000E+00
       1       22       22        0        0        0                         0.1048E+11  0.5784E+07  0.6743E+07  0.3496E+07  0.7884E+07  0.2188E+06  0.0000E+00  0.0000E+00
       1       23       23        0        0        0                         0.6132E+11  0.1534E+08  0.4824E+08  0.1342E+08  0.2879E+08  0.4088E+06  0.0000E+00  0.0000E+00
       1       24       24        0        0        0                         0.4111E+11  0.3583E+08  0.1386E+08  0.1147E+08  0.3127E+08  0.5636E+06  0.0000E+00  0.0000E+00
       1       25       25        0        0        0                         0.9891E+10  0.7923E+07  0.8794E+07  0.3030E+07  0.3895E+07  0.1391E+06  0.0000E+00  0.0000E+00
       1       26       26        0        0        0                         0.4361E+11  0.3156E+08  0.1775E+08  0.7571E+07  0.1921E+08  0.3781E+06  0.0000E+00  0.0000E+00
       1       27       27        0        0        0                         0.9539E+11  0.5440E+07  0.1480E+08  0.1111E+08  0.6122E+08  0.6922E+06  0.0000E+00  0.0000E+00
       1       28       28        0        0        0                         0.5021E+11  0.1258E+08  0.1434E+08  0.7699E+07  0.2600E+08  0.6468E+06  0.0000E+00  0.0000E+00
       1       29       29        0        0        0                         0.7723E+11  0.2526E+08  0.4207E+08  0.1894E+08  0.3630E+08  0.1500E+07  0.0000E+00  0.0000E+00
       1       30       30        0        0        0                         0.6390E+11  0.1685E+08  0.2928E+08  0.8517E+07  0.2476E+08  0.3263E+06  0.0000E+00  0.0000E+00
       1       31       31        0        0        0                         0.7915E+11  0.2680E+08  0.3719E+08  0.1077E+08  0.3092E+08  0.4498E+06  0.0000E+00  0.0000E+00
       1       32       32        0        0        0                         0.5676E+11  0.3747E+08  0.1754E+08  0.7008E+07  0.2288E+08  0.3468E+06  0.0000E+00  0.0000E+00
       1       33       33        0        0        0                         0.6208E+11  0.8464E+07  0.1263E+08  0.4549E+07  0.2692E+08  0.8236E+07  0.0000E+00  0.0000E+00
       1       34       34        0        0        0                         0.2457E+11  0.1845E+08  0.1822E+08  0.8270E+07  0.1215E+08  0.5539E+06  0.0000E+00  0.0000E+00
       1       35       35        0        0        0                         0.2356E+11  0.2280E+08  0.1132E+08  0.6232E+07  0.1279E+08  0.3663E+06  0.0000E+00  0.0000E+00
       1       36       36        0        0        0                         0.1078E+12  0.1062E+09  0.8797E+08  0.3535E+08  0.5777E+08  0.2348E+07  0.0000E+00  0.0000E+00
       1       37       37        0        0        0                         0.5444E+11  0.6086E+08  0.2093E+08  0.1183E+08  0.2402E+08  0.5831E+06  0.0000E+00  0.0000E+00
       1       38       38        0        0        0                         0.4993E+11  0.2500E+08  0.3103E+08  0.1194E+08  0.1523E+08  0.7259E+06  0.0000E+00  0.0000E+00
       1       39       39        0        0        0                         0.7320E+11  0.3069E+08  0.4544E+08  0.1464E+08  0.3954E+08  0.5763E+06  0.0000E+00  0.0000E+00
       1       40       40        0        0        0                         0.3352E+10  0.2045E+07  0.1326E+07  0.6320E+06  0.1745E+07  0.3375E+05  0.0000E+00  0.0000E+00
       1       41       41        0        0        0                         0.3498E+11  0.2127E+08  0.2492E+08  0.9029E+07  0.2961E+08  0.6584E+06  0.0000E+00  0.0000E+00
       1       42       42        0        0        0                         0.4924E+11  0.1480E+08  0.1753E+08  0.8108E+07  0.2399E+08  0.5428E+06  0.0000E+00  0.0000E+00
       1       43       43        0        0        0                         0.3906E+11  0.1054E+08  0.1079E+08  0.6263E+07  0.3565E+08  0.7721E+06  0.0000E+00  0.0000E+00
       1       44       44        0        0        0                         0.4971E+11  0.1996E+08  0.2891E+08  0.8902E+07  0.2273E+08  0.3753E+06  0.0000E+00  0.0000E+00
       1       45       45        0        0        0                         0.4860E+11  0.1553E+08  0.1927E+08  0.7681E+07  0.2168E+08  0.4106E+06  0.0000E+00  0.0000E+00
       1       46       46        0        0        0                         0.1524E+11  0.4542E+07  0.5544E+07  0.2065E+07  0.6469E+07  0.1320E+06  0.0000E+00  0.0000E+00
       1       47       47        0        0        0                         0.3120E+11  0.9737E+07  0.9960E+07  0.4747E+07  0.1939E+08  0.3166E+06  0.0000E+00  0.0000E+00
       1       48       48        0        0        0                         0.4686E+11  0.2758E+08  0.3913E+08  0.1558E+08  0.2843E+08  0.1093E+07  0.0000E+00  0.0000E+00
       1       49       49        0        0        0                         0.1877E+11  0.2506E+08  0.1949E+08  0.7537E+07  0.9980E+07  0.4891E+06  0.0000E+00  0.0000E+00
       1       50       50        0        0        0                         0.8330E+11  0.9096E+08  0.5702E+08  0.2535E+08  0.6239E+08  0.1608E+07  0.0000E+00  0.0000E+00
       1       51       51        0        0        0                         0.7764E+11  0.7095E+08  0.6258E+08  0.2734E+08  0.6249E+08  0.2466E+07  0.0000E+00  0.0000E+00
       1       52       52        0        0        0                         0.6997E+11  0.2630E+08  0.4552E+08  0.1784E+08  0.3784E+08  0.1773E+07  0.0000E+00  0.0000E+00
       1       53       53        0        0        0                         0.1764E+12  0.1751E+09  0.1344E+09  0.5562E+08  0.1781E+09  0.2458E+07  0.0000E+00  0.0000E+00
       1       54       54        0        0        0                         0.6891E+11  0.2938E+08  0.2295E+08  0.1101E+08  0.2762E+08  0.7331E+06  0.0000E+00  0.0000E+00
       1       55       55        0        0        0                         0.1136E+12  0.7308E+08  0.4739E+08  0.1984E+08  0.8754E+08  0.1331E+07  0.0000E+00  0.0000E+00
      11       56        1        0        0        0                   1p    0.0000E+00  0.0000E+00  0.0000E+00  0.0000E+00  0.0000E+00  0.0000E+00  0.0000E+00  0.0000E+00
       5       57        1       56        0        0                         0.2875E+11  0.1292E+08  0.1863E+08  0.8176E+07  0.2701E+08  0.2221E+06  0.0000E+00  0.0000E+00
       2       58        1       57        1        0                         0.2865E+11  0.1289E+08  0.1744E+08  0.7401E+07  0.2689E+08  0.5146E+06  0.0000E+00  0.0000E+00
       3       59        1       58        0        0                         0.2883E+11  0.8903E+06  0.1179E+08  0.4118E+07  0.1943E+08  0.3223E+06  0.0000E+00  0.0000E+00
      11       60        2        0        0        0                   2p    0.0000E+00  0.0000E+00  0.0000E+00  0.0000E+00  0.0000E+00  0.0000E+00  0.0000E+00  0.0000E+00
       5       61        2       60        0        0                         0.3113E+11  0.4339E+07  0.9852E+07  0.4783E+07  0.2310E+08  0.2476E+06  0.0000E+00  0.0000E+00
       2       62        2       61        2        0                         0.3072E+11  0.3441E+07  0.8003E+07  0.3383E+07  0.2275E+08  0.8898E+06  0.0000E+00  0.0000E+00
      11       63        3        0        0        0                   8p    0.0000E+00  0.0000E+00  0.0000E+00  0.0000E+00  0.0000E+00  0.0000E+00  0.0000E+00  0.0000E+00
       5       64        8       63        0        0                         0.2586E+11  0.1370E+08  0.2032E+08  0.6699E+07  0.1462E+08  0.2159E+06  0.0000E+00  0.0000E+00
       2       65        8       64        8        0                         0.2583E+11  0.1370E+08  0.1960E+08  0.6309E+07  0.1460E+08  0.4044E+06  0.0000E+00  0.0000E+00
       3       66        2       65        0        0                         0.2638E+11  0.5200E+06  0.1068E+08  0.2692E+07  0.1034E+08  0.2407E+06  0.0000E+00  0.0000E+00
       5       67        9       66        0        0                         0.4795E+11  0.1162E+08  0.2444E+08  0.8995E+07  0.2652E+08  0.5547E+06  0.0000E+00  0.0000E+00
      11       68        4        0        0        0                   9p    0.0000E+00  0.0000E+00  0.0000E+00  0.0000E+00  0.0000E+00  0.0000E+00  0.0000E+00  0.0000E+00
       5       69       67       68        0        0                         0.4795E+11  0.1162E+08  0.2444E+08  0.8995E+07  0.2652E+08  0.5547E+06  0.0000E+00  0.0000E+00
       2       70        9       69        9        0                         0.4772E+11  0.1152E+08  0.2311E+08  0.8203E+07  0.2628E+08  0.1024E+07  0.0000E+00  0.0000E+00
      11       71        5        0        0        0                  10p    0.0000E+00  0.0000E+00  0.0000E+00  0.0000E+00  0.0000E+00  0.0000E+00  0.0000E+00  0.0000E+00
       5       72       10       71        0        0                         0.5817E+11  0.1222E+08  0.1803E+08  0.8972E+07  0.5102E+08  0.1045E+07  0.0000E+00  0.0000E+00
       2       73       10       72       10        0                         0.5714E+11  0.6467E+07  0.1235E+08  0.4870E+07  0.5023E+08  0.3755E+07  0.0000E+00  0.0000E+00
       5       74       12       73        0        0                         0.1626E+12  0.2072E+08  0.4365E+08  0.2039E+08  0.1156E+09  0.4850E+07  0.0000E+00  0.0000E+00
      11       75        6        0        0        0                  12p    0.0000E+00  0.0000E+00  0.0000E+00  0.0000E+00  0.0000E+00  0.0000E+00  0.0000E+00  0.0000E+00
       5       76       74       75        0        0                         0.1626E+12  0.2072E+08  0.4365E+08  0.2039E+08  0.1156E+09  0.4850E+07  0.0000E+00  0.0000E+00
       2       77       12       76       12        0                         0.1625E+12  0.2072E+08  0.4325E+08  0.2009E+08  0.1155E+09  0.5102E+07  0.0000E+00  0.0000E+00
       3       78        3       77        0        0                         0.1631E+12  0.3430E+09  0.4057E+08  0.1800E+08  0.1083E+09  0.4597E+07  0.0000E+00  0.0000E+00
       5       79       19       78        0        0                         0.1907E+12  0.3516E+09  0.5258E+08  0.2586E+08  0.1294E+09  0.5143E+07  0.0000E+00  0.0000E+00
      11       80        7        0        0        0                  19p    0.0000E+00  0.0000E+00  0.0000E+00  0.0000E+00  0.0000E+00  0.0000E+00  0.0000E+00  0.0000E+00
       5       81       79       80        0        0                         0.1907E+12  0.3516E+09  0.5258E+08  0.2586E+08  0.1294E+09  0.5143E+07  0.0000E+00  0.0000E+00
       2       82       19       81       19        0                         0.1897E+12  0.2773E+09  0.4547E+08  0.1925E+08  0.1272E+09  0.1060E+08  0.0000E+00  0.0000E+00
       3       83        4       82        0        0                         0.1903E+12  0.6424E+09  0.4263E+08  0.1740E+08  0.1200E+09  0.9544E+07  0.0000E+00  0.0000E+00
       5       84       20       83        0        0                         0.1929E+12  0.6432E+09  0.4361E+08  0.1799E+08  0.1216E+09  0.9591E+07  0.0000E+00  0.0000E+00
      11       85        8        0        0        0                  20p    0.0000E+00  0.0000E+00  0.0000E+00  0.0000E+00  0.0000E+00  0.0000E+00  0.0000E+00  0.0000E+00
       5       86       84       85        0        0                         0.1929E+12  0.6432E+09  0.4361E+08  0.1799E+08  0.1216E+09  0.9591E+07  0.0000E+00  0.0000E+00
       2       87       20       86       20        0                         0.1927E+12  0.6428E+09  0.4257E+08  0.1694E+08  0.1209E+09  0.1053E+08  0.0000E+00  0.0000E+00
      11       88        9        0        0        0                  13p    0.0000E+00  0.0000E+00  0.0000E+00  0.0000E+00  0.0000E+00  0.0000E+00  0.0000E+00  0.0000E+00
       5       89       13       88        0        0                         0.1378E+12  0.5151E+08  0.7593E+08  0.2710E+08  0.7280E+08  0.8550E+06  0.0000E+00  0.0000E+00
       2       90       13       89       13        0                         0.1365E+12  0.3933E+08  0.6028E+08  0.1867E+08  0.7196E+08  0.4070E+07  0.0000E+00  0.0000E+00
      11       91       10        0        0        0                  21p    0.0000E+00  0.0000E+00  0.0000E+00  0.0000E+00  0.0000E+00  0.0000E+00  0.0000E+00  0.0000E+00
       5       92       21       91        0        0                         0.5990E+11  0.1795E+08  0.2869E+08  0.1079E+08  0.3586E+08  0.5415E+06  0.0000E+00  0.0000E+00
       2       93       21       92       21        0                         0.5965E+11  0.1792E+08  0.2719E+08  0.9827E+07  0.3571E+08  0.1030E+07  0.0000E+00  0.0000E+00
      11       94       11        0        0        0                  23p    0.0000E+00  0.0000E+00  0.0000E+00  0.0000E+00  0.0000E+00  0.0000E+00  0.0000E+00  0.0000E+00
       5       95       23       94        0        0                         0.6132E+11  0.1534E+08  0.4824E+08  0.1342E+08  0.2879E+08  0.4088E+06  0.0000E+00  0.0000E+00
       2       96       23       95       23        0                         0.6109E+11  0.1518E+08  0.4609E+08  0.1247E+08  0.2862E+08  0.7750E+06  0.0000E+00  0.0000E+00
      11       97       12        0        0        0                  27p    0.0000E+00  0.0000E+00  0.0000E+00  0.0000E+00  0.0000E+00  0.0000E+00  0.0000E+00  0.0000E+00
       5       98       27       97        0        0                         0.9539E+11  0.5440E+07  0.1480E+08  0.1111E+08  0.6122E+08  0.6922E+06  0.0000E+00  0.0000E+00
       2       99       27       98       27        0                         0.9413E+11  0.4555E+07  0.1212E+08  0.8033E+07  0.5984E+08  0.2099E+07  0.0000E+00  0.0000E+00
      11      100       13        0        0        0                  30p    0.0000E+00  0.0000E+00  0.0000E+00  0.0000E+00  0.0000E+00  0.0000E+00  0.0000E+00  0.0000E+00
       5      101       30      100        0        0                         0.6390E+11  0.1685E+08  0.2928E+08  0.8517E+07  0.2476E+08  0.3263E+06  0.0000E+00  0.0000E+00
       2      102       30      101       30        0                         0.6375E+11  0.1685E+08  0.2840E+08  0.8103E+07  0.2470E+08  0.4767E+06  0.0000E+00  0.0000E+00
       5      103       31      102        0        0                         0.1429E+12  0.4365E+08  0.6559E+08  0.1887E+08  0.5561E+08  0.9265E+06  0.0000E+00  0.0000E+00
      11      104       14        0        0        0                  31p    0.0000E+00  0.0000E+00  0.0000E+00  0.0000E+00  0.0000E+00  0.0000E+00  0.0000E+00  0.0000E+00
       5      105      103      104        0        0                         0.1429E+12  0.4365E+08  0.6559E+08  0.1887E+08  0.5561E+08  0.9265E+06  0.0000E+00  0.0000E+00
       2      106       31      105       31        0                         0.1427E+12  0.3740E+08  0.5505E+08  0.1416E+08  0.5552E+08  0.2512E+07  0.0000E+00  0.0000E+00
       3      107        5      106        0        0                         0.1439E+12  0.5755E+09  0.5218E+08  0.1285E+08  0.5184E+08  0.2237E+07  0.0000E+00  0.0000E+00
       5      108       32      107        0        0                         0.2006E+12  0.6130E+09  0.6972E+08  0.1985E+08  0.7472E+08  0.2584E+07  0.0000E+00  0.0000E+00
      11      109       15        0        0        0                  32p    0.0000E+00  0.0000E+00  0.0000E+00  0.0000E+00  0.0000E+00  0.0000E+00  0.0000E+00  0.0000E+00
       5      110      108      109        0        0                         0.2006E+12  0.6130E+09  0.6972E+08  0.1985E+08  0.7472E+08  0.2584E+07  0.0000E+00  0.0000E+00
       2      111       32      110       32        0                         0.2001E+12  0.4979E+09  0.6726E+08  0.1862E+08  0.7433E+08  0.3291E+07  0.0000E+00  0.0000E+00
       5      112       26      111        0        0                         0.2437E+12  0.5295E+09  0.8501E+08  0.2619E+08  0.9354E+08  0.3669E+07  0.0000E+00  0.0000E+00
      11      113       16        0        0        0                  26p    0.0000E+00  0.0000E+00  0.0000E+00  0.0000E+00  0.0000E+00  0.0000E+00  0.0000E+00  0.0000E+00
       5      114      112      113        0        0                         0.2437E+12  0.5295E+09  0.8501E+08  0.2619E+08  0.9354E+08  0.3669E+07  0.0000E+00  0.0000E+00
       2      115       26      114       26        0                         0.2435E+12  0.5246E+09  0.8085E+08  0.2413E+08  0.9336E+08  0.5181E+07  0.0000E+00  0.0000E+00
       3      116        6      115        0        0                         0.2448E+12  0.9817E+09  0.7806E+08  0.2260E+08  0.8959E+08  0.4830E+07  0.0000E+00  0.0000E+00
      11      117       17        0        0        0                  34p    0.0000E+00  0.0000E+00  0.0000E+00  0.0000E+00  0.0000E+00  0.0000E+00  0.0000E+00  0.0000E+00
       5      118       34      117        0        0                         0.2457E+11  0.1845E+08  0.1822E+08  0.8270E+07  0.1215E+08  0.5539E+06  0.0000E+00  0.0000E+00
       2      119       34      118       34        0                         0.2456E+11  0.1845E+08  0.1816E+08  0.8225E+07  0.1214E+08  0.5910E+06  0.0000E+00  0.0000E+00
       3      120        7      119        0        0                         0.2510E+11  0.2199E+07  0.1095E+08  0.3983E+07  0.8265E+07  0.3513E+06  0.0000E+00  0.0000E+00
       5      121       33      120        0        0                         0.8718E+11  0.1066E+08  0.2358E+08  0.8532E+07  0.3518E+08  0.8587E+07  0.0000E+00  0.0000E+00
      11      122       18        0        0        0                  33p    0.0000E+00  0.0000E+00  0.0000E+00  0.0000E+00  0.0000E+00  0.0000E+00  0.0000E+00  0.0000E+00
       5      123      121      122        0        0                         0.8718E+11  0.1066E+08  0.2358E+08  0.8532E+07  0.3518E+08  0.8587E+07  0.0000E+00  0.0000E+00
       2      124       33      123       33        0                         0.8605E+11  0.6906E+07  0.1773E+08  0.5192E+07  0.3455E+08  0.1104E+08  0.0000E+00  0.0000E+00
       5      125       29      124        0        0                         0.1633E+12  0.3217E+08  0.5980E+08  0.2413E+08  0.7084E+08  0.1254E+08  0.0000E+00  0.0000E+00
      11      126       19        0        0        0                  29p    0.0000E+00  0.0000E+00  0.0000E+00  0.0000E+00  0.0000E+00  0.0000E+00  0.0000E+00  0.0000E+00
       5      127      125      126        0        0                         0.1633E+12  0.3217E+08  0.5980E+08  0.2413E+08  0.7084E+08  0.1254E+08  0.0000E+00  0.0000E+00
       2      128       29      127       29        0                         0.1612E+12  0.2069E+08  0.4335E+08  0.1451E+08  0.7109E+08  0.1935E+08  0.0000E+00  0.0000E+00
      11      129       20        0        0        0                  38p    0.0000E+00  0.0000E+00  0.0000E+00  0.0000E+00  0.0000E+00  0.0000E+00  0.0000E+00  0.0000E+00
       5      130       38      129        0        0                         0.4993E+11  0.2500E+08  0.3103E+08  0.1194E+08  0.1523E+08  0.7259E+06  0.0000E+00  0.0000E+00
       2      131       38      130       38        0                         0.4933E+11  0.2076E+08  0.2492E+08  0.8413E+07  0.1509E+08  0.2446E+07  0.0000E+00  0.0000E+00
      11      132       21        0        0        0                  39p    0.0000E+00  0.0000E+00  0.0000E+00  0.0000E+00  0.0000E+00  0.0000E+00  0.0000E+00  0.0000E+00
       5      133       39      132        0        0                         0.7320E+11  0.3069E+08  0.4544E+08  0.1464E+08  0.3954E+08  0.5763E+06  0.0000E+00  0.0000E+00
       2      134       39      133       39        0                         0.7298E+11  0.1841E+08  0.4425E+08  0.1398E+08  0.3935E+08  0.8194E+06  0.0000E+00  0.0000E+00
       3      135        8      134        0        0                         0.7380E+11  0.2257E+09  0.3807E+08  0.1098E+08  0.3430E+08  0.6653E+06  0.0000E+00  0.0000E+00
      11      136       22        0        0        0                  41p    0.0000E+00  0.0000E+00  0.0000E+00  0.0000E+00  0.0000E+00  0.0000E+00  0.0000E+00  0.0000E+00
       5      137       41      136        0        0                         0.3498E+11  0.2127E+08  0.2492E+08  0.9029E+07  0.2961E+08  0.6584E+06  0.0000E+00  0.0000E+00
       2      138       41      137       41        0                         0.3491E+11  0.2127E+08  0.2385E+08  0.8437E+07  0.2955E+08  0.1056E+07  0.0000E+00  0.0000E+00
       3      139        9      138        0        0                         0.3554E+11  0.1417E+08  0.1685E+08  0.4896E+07  0.2241E+08  0.7128E+06  0.0000E+00  0.0000E+00
       5      140       48      139        0        0                         0.8239E+11  0.4175E+08  0.5598E+08  0.2048E+08  0.5085E+08  0.1806E+07  0.0000E+00  0.0000E+00
      11      141       23        0        0        0                  48p    0.0000E+00  0.0000E+00  0.0000E+00  0.0000E+00  0.0000E+00  0.0000E+00  0.0000E+00  0.0000E+00
       5      142      140      141        0        0                         0.8239E+11  0.4175E+08  0.5598E+08  0.2048E+08  0.5085E+08  0.1806E+07  0.0000E+00  0.0000E+00
       2      143       48      142       48        0                         0.8137E+11  0.3148E+08  0.4473E+08  0.1429E+08  0.5005E+08  0.5772E+07  0.0000E+00  0.0000E+00
       5      144       52      143        0        0                         0.1513E+12  0.5778E+08  0.9025E+08  0.3213E+08  0.8789E+08  0.7546E+07  0.0000E+00  0.0000E+00
      11      145       24        0        0        0                  52p    0.0000E+00  0.0000E+00  0.0000E+00  0.0000E+00  0.0000E+00  0.0000E+00  0.0000E+00  0.0000E+00
       5      146      144      145        0        0                         0.1513E+12  0.5778E+08  0.9025E+08  0.3213E+08  0.8789E+08  0.7546E+07  0.0000E+00  0.0000E+00
       2      147       52      146       52        0                         0.1507E+12  0.4911E+08  0.7384E+08  0.2346E+08  0.8834E+08  0.1384E+08  0.0000E+00  0.0000E+00
      11      148       25        0        0        0                  44p    0.0000E+00  0.0000E+00  0.0000E+00  0.0000E+00  0.0000E+00  0.0000E+00  0.0000E+00  0.0000E+00
       5      149       44      148        0        0                         0.4971E+11  0.1996E+08  0.2891E+08  0.8902E+07  0.2273E+08  0.3753E+06  0.0000E+00  0.0000E+00
       2      150       44      149       44        0                         0.4955E+11  0.1111E+08  0.2818E+08  0.8542E+07  0.2267E+08  0.5065E+06  0.0000E+00  0.0000E+00
       3      151       10      150        0        0                         0.5054E+11  0.1605E+08  0.2201E+08  0.5786E+07  0.1863E+08  0.3733E+06  0.0000E+00  0.0000E+00
       5      152       40      151        0        0                         0.5389E+11  0.1810E+08  0.2334E+08  0.6418E+07  0.2037E+08  0.4070E+06  0.0000E+00  0.0000E+00
      11      153       26        0        0        0                  40p    0.0000E+00  0.0000E+00  0.0000E+00  0.0000E+00  0.0000E+00  0.0000E+00  0.0000E+00  0.0000E+00
       5      154      152      153        0        0                         0.5389E+11  0.1810E+08  0.2334E+08  0.6418E+07  0.2037E+08  0.4070E+06  0.0000E+00  0.0000E+00
       2      155       40      154       40        0                         0.5382E+11  0.1810E+08  0.2283E+08  0.6189E+07  0.2032E+08  0.5092E+06  0.0000E+00  0.0000E+00
      11      156       27        0        0        0                  45p    0.0000E+00  0.0000E+00  0.0000E+00  0.0000E+00  0.0000E+00  0.0000E+00  0.0000E+00  0.0000E+00
       5      157       45      156        0        0                         0.4860E+11  0.1553E+08  0.1927E+08  0.7681E+07  0.2168E+08  0.4106E+06  0.0000E+00  0.0000E+00
       2      158       45      157       45        0                         0.4847E+11  0.1552E+08  0.1827E+08  0.7015E+07  0.2162E+08  0.7353E+06  0.0000E+00  0.0000E+00
      11      159       28        0        0        0                  54p    0.0000E+00  0.0000E+00  0.0000E+00  0.0000E+00  0.0000E+00  0.0000E+00  0.0000E+00  0.0000E+00
       5      160       54      159        0        0                         0.6891E+11  0.2938E+08  0.2295E+08  0.1101E+08  0.2762E+08  0.7331E+06  0.0000E+00  0.0000E+00
       2      161       54      160       54        0                         0.6872E+11  0.2935E+08  0.2150E+08  0.9933E+07  0.2754E+08  0.1305E+07  0.0000E+00  0.0000E+00
       5      162       22       87        0        0                         0.2032E+12  0.6485E+09  0.4931E+08  0.2044E+08  0.1288E+09  0.1074E+08  0.0000E+00  0.0000E+00
       5      163      162       93        0        0                         0.2629E+12  0.6665E+09  0.7650E+08  0.3026E+08  0.1645E+09  0.1177E+08  0.0000E+00  0.0000E+00
      11      164       29        0        0        0                  22p    0.0000E+00  0.0000E+00  0.0000E+00  0.0000E+00  0.0000E+00  0.0000E+00  0.0000E+00  0.0000E+00
       5      165      163      164        0        0                         0.2629E+12  0.6665E+09  0.7650E+08  0.3026E+08  0.1645E+09  0.1177E+08  0.0000E+00  0.0000E+00
       2      166       22      165       22        0                         0.2626E+12  0.6651E+09  0.7318E+08  0.2797E+08  0.1639E+09  0.1351E+08  0.0000E+00  0.0000E+00
       5      167       15       90        0        0                         0.1479E+12  0.4571E+08  0.6542E+08  0.2151E+08  0.7730E+08  0.4183E+07  0.0000E+00  0.0000E+00
       5      168      167       96        0        0                         0.2090E+12  0.6089E+08  0.1115E+09  0.3398E+08  0.1059E+09  0.4958E+07  0.0000E+00  0.0000E+00
       5      169      168       99        0        0                         0.3031E+12  0.6544E+08  0.1236E+09  0.4201E+08  0.1658E+09  0.7057E+07  0.0000E+00  0.0000E+00
      11      170       30        0        0        0                  15p    0.0000E+00  0.0000E+00  0.0000E+00  0.0000E+00  0.0000E+00  0.0000E+00  0.0000E+00  0.0000E+00
       5      171      169      170        0        0                         0.3031E+12  0.6544E+08  0.1236E+09  0.4201E+08  0.1658E+09  0.7057E+07  0.0000E+00  0.0000E+00
       2      172       15      171       15        0                         0.3024E+12  0.6517E+08  0.1166E+09  0.3828E+08  0.1652E+09  0.9316E+07  0.0000E+00  0.0000E+00
       3      173       11      172        0        0                         0.3027E+12  0.1210E+10  0.1128E+09  0.3617E+08  0.1599E+09  0.8791E+07  0.0000E+00  0.0000E+00
       5      174       18      173        0        0                         0.3357E+12  0.1231E+10  0.1193E+09  0.4358E+08  0.1765E+09  0.9146E+07  0.0000E+00  0.0000E+00
      11      175       31        0        0        0                  18p    0.0000E+00  0.0000E+00  0.0000E+00  0.0000E+00  0.0000E+00  0.0000E+00  0.0000E+00  0.0000E+00
       5      176      174      175        0        0                         0.3357E+12  0.1231E+10  0.1193E+09  0.4358E+08  0.1765E+09  0.9146E+07  0.0000E+00  0.0000E+00
       2      177       18      176       18        0                         0.3349E+12  0.1169E+10  0.1120E+09  0.3805E+08  0.1746E+09  0.1371E+08  0.0000E+00  0.0000E+00
       5      178       37      135        0        0                         0.1282E+12  0.2866E+09  0.5900E+08  0.2281E+08  0.5832E+08  0.1248E+07  0.0000E+00  0.0000E+00
       5      179      178      155        0        0                         0.1820E+12  0.3047E+09  0.8183E+08  0.2900E+08  0.7864E+08  0.1758E+07  0.0000E+00  0.0000E+00
      11      180       32        0        0        0                  37p    0.0000E+00  0.0000E+00  0.0000E+00  0.0000E+00  0.0000E+00  0.0000E+00  0.0000E+00  0.0000E+00
       5      181      179      180        0        0                         0.1820E+12  0.3047E+09  0.8183E+08  0.2900E+08  0.7864E+08  0.1758E+07  0.0000E+00  0.0000E+00
       2      182       37      181       37        0                         0.1814E+12  0.2586E+09  0.7761E+08  0.2664E+08  0.7820E+08  0.2873E+07  0.0000E+00  0.0000E+00
       5      183       35      182        0        0                         0.2050E+12  0.2814E+09  0.8893E+08  0.3287E+08  0.9099E+08  0.3240E+07  0.0000E+00  0.0000E+00
      11      184       33        0        0        0                  35p    0.0000E+00  0.0000E+00  0.0000E+00  0.0000E+00  0.0000E+00  0.0000E+00  0.0000E+00  0.0000E+00
       5      185      183      184        0        0                         0.2050E+12  0.2814E+09  0.8893E+08  0.3287E+08  0.9099E+08  0.3240E+07  0.0000E+00  0.0000E+00
       2      186       35      185       35        0                         0.2047E+12  0.2795E+09  0.8375E+08  0.3001E+08  0.9081E+08  0.4980E+07  0.0000E+00  0.0000E+00
       5      187        6       59        0        0                         0.4061E+11  0.1016E+08  0.2044E+08  0.8868E+07  0.2988E+08  0.5752E+06  0.0000E+00  0.0000E+00
       5      188      187       70        0        0                         0.8833E+11  0.2168E+08  0.4355E+08  0.1707E+08  0.5616E+08  0.1599E+07  0.0000E+00  0.0000E+00
      11      189       34        0        0        0                   6p    0.0000E+00  0.0000E+00  0.0000E+00  0.0000E+00  0.0000E+00  0.0000E+00  0.0000E+00  0.0000E+00
       5      190      188      189        0        0                         0.8833E+11  0.2168E+08  0.4355E+08  0.1707E+08  0.5616E+08  0.1599E+07  0.0000E+00  0.0000E+00
       2      191        6      190        6        0                         0.8800E+11  0.2160E+08  0.4151E+08  0.1579E+08  0.5579E+08  0.2465E+07  0.0000E+00  0.0000E+00
       3      192       12      191        0        0                         0.8827E+11  0.5455E+08  0.3401E+08  0.1170E+08  0.4959E+08  0.2028E+07  0.0000E+00  0.0000E+00
       5      193        5      192        0        0                         0.9146E+11  0.5703E+08  0.3623E+08  0.1314E+08  0.5237E+08  0.2113E+07  0.0000E+00  0.0000E+00
      11      194       35        0        0        0                   5p    0.0000E+00  0.0000E+00  0.0000E+00  0.0000E+00  0.0000E+00  0.0000E+00  0.0000E+00  0.0000E+00
       5      195      193      194        0        0                         0.9146E+11  0.5703E+08  0.3623E+08  0.1314E+08  0.5237E+08  0.2113E+07  0.0000E+00  0.0000E+00
       2      196        5      195        5        0                         0.9136E+11  0.5701E+08  0.3559E+08  0.1268E+08  0.5217E+08  0.2505E+07  0.0000E+00  0.0000E+00
       3      197       13      196        0        0                         0.9186E+11  0.1597E+09  0.3172E+08  0.1041E+08  0.4688E+08  0.2082E+07  0.0000E+00  0.0000E+00
       5      198        4      197        0        0                         0.9958E+11  0.1660E+09  0.3660E+08  0.1317E+08  0.5696E+08  0.2276E+07  0.0000E+00  0.0000E+00
      11      199       36        0        0        0                   4p    0.0000E+00  0.0000E+00  0.0000E+00  0.0000E+00  0.0000E+00  0.0000E+00  0.0000E+00  0.0000E+00
       5      200      198      199        0        0                         0.9958E+11  0.1660E+09  0.3660E+08  0.1317E+08  0.5696E+08  0.2276E+07  0.0000E+00  0.0000E+00
       2      201        4      200        4        0                         0.9947E+11  0.1660E+09  0.3597E+08  0.1271E+08  0.5676E+08  0.2653E+07  0.0000E+00  0.0000E+00
       5      202       25      128        0        0                         0.1711E+12  0.2861E+08  0.5215E+08  0.1754E+08  0.7498E+08  0.1948E+08  0.0000E+00  0.0000E+00
       5      203      202      131        0        0                         0.2205E+12  0.4937E+08  0.7707E+08  0.2595E+08  0.9007E+08  0.2193E+08  0.0000E+00  0.0000E+00
      11      204       37        0        0        0                  25p    0.0000E+00  0.0000E+00  0.0000E+00  0.0000E+00  0.0000E+00  0.0000E+00  0.0000E+00  0.0000E+00
       5      205      203      204        0        0                         0.2205E+12  0.4937E+08  0.7707E+08  0.2595E+08  0.9007E+08  0.2193E+08  0.0000E+00  0.0000E+00
       2      206       25      205       25        0                         0.2201E+12  0.4934E+08  0.7346E+08  0.2411E+08  0.9028E+08  0.2347E+08  0.0000E+00  0.0000E+00
       5      207       11       62        0        0                         0.6313E+11  0.5085E+08  0.3259E+08  0.1594E+08  0.4052E+08  0.1165E+07  0.0000E+00  0.0000E+00
       5      208      207      201        0        0                         0.1626E+12  0.2169E+09  0.6856E+08  0.2866E+08  0.9728E+08  0.3818E+07  0.0000E+00  0.0000E+00
      11      209       38        0        0        0                  11p    0.0000E+00  0.0000E+00  0.0000E+00  0.0000E+00  0.0000E+00  0.0000E+00  0.0000E+00  0.0000E+00
       5      210      208      209        0        0                         0.1626E+12  0.2169E+09  0.6856E+08  0.2866E+08  0.9728E+08  0.3818E+07  0.0000E+00  0.0000E+00
       2      211       11      210       11        0                         0.1611E+12  0.1543E+09  0.5390E+08  0.1946E+08  0.9629E+08  0.1041E+08  0.0000E+00  0.0000E+00
       3      212       14      211        0        0                         0.1615E+12  0.5282E+09  0.4871E+08  0.1670E+08  0.8978E+08  0.9167E+07  0.0000E+00  0.0000E+00
       5      213       16      212        0        0                         0.1784E+12  0.5347E+09  0.5559E+08  0.2137E+08  0.1016E+09  0.9436E+07  0.0000E+00  0.0000E+00
      11      214       39        0        0        0                  16p    0.0000E+00  0.0000E+00  0.0000E+00  0.0000E+00  0.0000E+00  0.0000E+00  0.0000E+00  0.0000E+00
       5      215      213      214        0        0                         0.1784E+12  0.5347E+09  0.5559E+08  0.2137E+08  0.1016E+09  0.9436E+07  0.0000E+00  0.0000E+00
       2      216       16      215       16        0                         0.1773E+12  0.4325E+09  0.4780E+08  0.1607E+08  0.9944E+08  0.1379E+08  0.0000E+00  0.0000E+00
       5      217       17      216        0        0                         0.1775E+12  0.4326E+09  0.4791E+08  0.1612E+08  0.9956E+08  0.1379E+08  0.0000E+00  0.0000E+00
       5      218      217      177        0        0                         0.5124E+12  0.1602E+10  0.1599E+09  0.5417E+08  0.2741E+09  0.2750E+08  0.0000E+00  0.0000E+00
      11      219       40        0        0        0                  17p    0.0000E+00  0.0000E+00  0.0000E+00  0.0000E+00  0.0000E+00  0.0000E+00  0.0000E+00  0.0000E+00
       5      220      218      219        0        0                         0.5124E+12  0.1602E+10  0.1599E+09  0.5417E+08  0.2741E+09  0.2750E+08  0.0000E+00  0.0000E+00
       2      221       17      220       17        0                         0.5124E+12  0.1602E+10  0.1592E+09  0.5382E+08  0.2741E+09  0.2780E+08  0.0000E+00  0.0000E+00
       5      222       24      221        0        0                         0.5535E+12  0.1638E+10  0.1731E+09  0.6530E+08  0.3054E+09  0.2836E+08  0.0000E+00  0.0000E+00
      11      223       41        0        0        0                  24p    0.0000E+00  0.0000E+00  0.0000E+00  0.0000E+00  0.0000E+00  0.0000E+00  0.0000E+00  0.0000E+00
       5      224      222      223        0        0                         0.5535E+12  0.1638E+10  0.1731E+09  0.6530E+08  0.3054E+09  0.2836E+08  0.0000E+00  0.0000E+00
       2      225       24      224       24        0                         0.5519E+12  0.1490E+10  0.1529E+09  0.5386E+08  0.3047E+09  0.3783E+08  0.0000E+00  0.0000E+00
       3      226       15      225        0        0                         0.5524E+12  0.2256E+10  0.1501E+09  0.5215E+08  0.2990E+09  0.3648E+08  0.0000E+00  0.0000E+00
       5      227       28      166        0        0                         0.3128E+12  0.6776E+09  0.8753E+08  0.3567E+08  0.1899E+09  0.1415E+08  0.0000E+00  0.0000E+00
       5      228      227      226        0        0                         0.8652E+12  0.2934E+10  0.2377E+09  0.8782E+08  0.4889E+09  0.5063E+08  0.0000E+00  0.0000E+00
       5      229      228      116        0        0                         0.1110E+13  0.3916E+10  0.3157E+09  0.1104E+09  0.5785E+09  0.5546E+08  0.0000E+00  0.0000E+00
      11      230       42        0        0        0                  28p    0.0000E+00  0.0000E+00  0.0000E+00  0.0000E+00  0.0000E+00  0.0000E+00  0.0000E+00  0.0000E+00
       5      231      229      230        0        0                         0.1110E+13  0.3916E+10  0.3157E+09  0.1104E+09  0.5785E+09  0.5546E+08  0.0000E+00  0.0000E+00
       2      232       28      231       28        0                         0.1108E+13  0.3619E+10  0.2904E+09  0.9372E+08  0.5717E+09  0.6974E+08  0.0000E+00  0.0000E+00
       3      233       16      232        0        0                         0.1108E+13  0.4665E+10  0.2877E+09  0.9230E+08  0.5662E+09  0.6850E+08  0.0000E+00  0.0000E+00
       5      234       42      233        0        0                         0.1158E+13  0.4680E+10  0.3053E+09  0.1004E+09  0.5902E+09  0.6904E+08  0.0000E+00  0.0000E+00
       5      235      234      186        0        0                         0.1362E+13  0.4959E+10  0.3890E+09  0.1304E+09  0.6810E+09  0.7402E+08  0.0000E+00  0.0000E+00
      11      236       43        0        0        0                  42p    0.0000E+00  0.0000E+00  0.0000E+00  0.0000E+00  0.0000E+00  0.0000E+00  0.0000E+00  0.0000E+00
       5      237      235      236        0        0                         0.1362E+13  0.4959E+10  0.3890E+09  0.1304E+09  0.6810E+09  0.7402E+08  0.0000E+00  0.0000E+00
       2      238       42      237       42        0                         0.1359E+13  0.4088E+10  0.3431E+09  0.1024E+09  0.6724E+09  0.9839E+08  0.0000E+00  0.0000E+00
       3      239       17      238        0        0                         0.1360E+13  0.5822E+10  0.3405E+09  0.1011E+09  0.6671E+09  0.9694E+08  0.0000E+00  0.0000E+00
       5      240       43      239        0        0                         0.1399E+13  0.5833E+10  0.3513E+09  0.1074E+09  0.7028E+09  0.9771E+08  0.0000E+00  0.0000E+00
      11      241       44        0        0        0                  43p    0.0000E+00  0.0000E+00  0.0000E+00  0.0000E+00  0.0000E+00  0.0000E+00  0.0000E+00  0.0000E+00
       5      242      240      241        0        0                         0.1399E+13  0.5833E+10  0.3513E+09  0.1074E+09  0.7028E+09  0.9771E+08  0.0000E+00  0.0000E+00
       2      243       43      242       43        0                         0.1399E+13  0.5833E+10  0.3500E+09  0.1065E+09  0.7021E+09  0.9852E+08  0.0000E+00  0.0000E+00
       5      244       47      243        0        0                         0.1430E+13  0.5843E+10  0.3600E+09  0.1112E+09  0.7215E+09  0.9884E+08  0.0000E+00  0.0000E+00
      11      245       45        0        0        0                  47p    0.0000E+00  0.0000E+00  0.0000E+00  0.0000E+00  0.0000E+00  0.0000E+00  0.0000E+00  0.0000E+00
       5      246      244      245        0        0                         0.1430E+13  0.5843E+10  0.3600E+09  0.1112E+09  0.7215E+09  0.9884E+08  0.0000E+00  0.0000E+00
       2      247       47      246       47        0                         0.1427E+13  0.5256E+10  0.3325E+09  0.9452E+08  0.7131E+09  0.1139E+09  0.0000E+00  0.0000E+00
       3      248       18      247        0        0                         0.1428E+13  0.6242E+10  0.3304E+09  0.9352E+08  0.7078E+09  0.1123E+09  0.0000E+00  0.0000E+00
       5      249       46      158        0        0                         0.6371E+11  0.2006E+08  0.2381E+08  0.9079E+07  0.2809E+08  0.8673E+06  0.0000E+00  0.0000E+00
       5      250      249      248        0        0                         0.1492E+13  0.6262E+10  0.3542E+09  0.1026E+09  0.7358E+09  0.1132E+09  0.0000E+00  0.0000E+00
      11      251       46        0        0        0                  46p    0.0000E+00  0.0000E+00  0.0000E+00  0.0000E+00  0.0000E+00  0.0000E+00  0.0000E+00  0.0000E+00
       5      252      250      251        0        0                         0.1492E+13  0.6262E+10  0.3542E+09  0.1026E+09  0.7358E+09  0.1132E+09  0.0000E+00  0.0000E+00
       2      253       46      252       46        0                         0.1491E+13  0.6262E+10  0.3502E+09  0.9991E+08  0.7339E+09  0.1156E+09  0.0000E+00  0.0000E+00
       5      254       55      253        0        0                         0.1605E+13  0.6335E+10  0.3976E+09  0.1198E+09  0.8214E+09  0.1170E+09  0.0000E+00  0.0000E+00
      11      255       47        0        0        0                  55p    0.0000E+00  0.0000E+00  0.0000E+00  0.0000E+00  0.0000E+00  0.0000E+00  0.0000E+00  0.0000E+00
       5      256      254      255        0        0                         0.1605E+13  0.6335E+10  0.3976E+09  0.1198E+09  0.8214E+09  0.1170E+09  0.0000E+00  0.0000E+00
       2      257       55      256       55        0                         0.1600E+13  0.4619E+10  0.3369E+09  0.8829E+08  0.8262E+09  0.1447E+09  0.0000E+00  0.0000E+00
       3      258       19      257        0        0                         0.1600E+13  0.7005E+10  0.3349E+09  0.8745E+08  0.8205E+09  0.1429E+09  0.0000E+00  0.0000E+00
       5      259       53      147        0        0                         0.3270E+12  0.2242E+09  0.2083E+09  0.7908E+08  0.2664E+09  0.1629E+08  0.0000E+00  0.0000E+00
       5      260      259      258        0        0                         0.1927E+13  0.7230E+10  0.5432E+09  0.1665E+09  0.1087E+10  0.1592E+09  0.0000E+00  0.0000E+00
      11      261       48        0        0        0                  53p    0.0000E+00  0.0000E+00  0.0000E+00  0.0000E+00  0.0000E+00  0.0000E+00  0.0000E+00  0.0000E+00
       5      262      260      261        0        0                         0.1927E+13  0.7230E+10  0.5432E+09  0.1665E+09  0.1087E+10  0.1592E+09  0.0000E+00  0.0000E+00
       2      263       53      262       53        0                         0.1921E+13  0.5263E+10  0.4641E+09  0.1243E+09  0.1113E+10  0.1962E+09  0.0000E+00  0.0000E+00
       3      264       20      263        0        0                         0.1922E+13  0.8540E+10  0.4620E+09  0.1234E+09  0.1106E+10  0.1943E+09  0.0000E+00  0.0000E+00
       5      265       51      264        0        0                         0.1999E+13  0.8611E+10  0.5246E+09  0.1507E+09  0.1169E+10  0.1967E+09  0.0000E+00  0.0000E+00
      11      266       49        0        0        0                  51p    0.0000E+00  0.0000E+00  0.0000E+00  0.0000E+00  0.0000E+00  0.0000E+00  0.0000E+00  0.0000E+00
       5      267      265      266        0        0                         0.1999E+13  0.8611E+10  0.5246E+09  0.1507E+09  0.1169E+10  0.1967E+09  0.0000E+00  0.0000E+00
       2      268       51      267       51        0                         0.1998E+13  0.8282E+10  0.5190E+09  0.1466E+09  0.1164E+10  0.2003E+09  0.0000E+00  0.0000E+00
       3      269       21      268        0        0                         0.1999E+13  0.8956E+10  0.5168E+09  0.1457E+09  0.1158E+10  0.1985E+09  0.0000E+00  0.0000E+00
       5      270       50      269        0        0                         0.2082E+13  0.9047E+10  0.5739E+09  0.1710E+09  0.1220E+10  0.2001E+09  0.0000E+00  0.0000E+00
       5      271      270      161        0        0                         0.2151E+13  0.9076E+10  0.5954E+09  0.1809E+09  0.1248E+10  0.2014E+09  0.0000E+00  0.0000E+00
      11      272       50        0        0        0                  50p    0.0000E+00  0.0000E+00  0.0000E+00  0.0000E+00  0.0000E+00  0.0000E+00  0.0000E+00  0.0000E+00
       5      273      271      272        0        0                         0.2151E+13  0.9076E+10  0.5954E+09  0.1809E+09  0.1248E+10  0.2014E+09  0.0000E+00  0.0000E+00
       2      274       50      273       50        0                         0.2147E+13  0.8445E+10  0.5664E+09  0.1610E+09  0.1231E+10  0.2189E+09  0.0000E+00  0.0000E+00
       3      275       22      274        0        0                         0.2148E+13  0.9790E+10  0.5642E+09  0.1600E+09  0.1225E+10  0.2171E+09  0.0000E+00  0.0000E+00
       5      276       49      275        0        0                         0.2167E+13  0.9815E+10  0.5837E+09  0.1675E+09  0.1235E+10  0.2175E+09  0.0000E+00  0.0000E+00
      11      277       51        0        0        0                  49p    0.0000E+00  0.0000E+00  0.0000E+00  0.0000E+00  0.0000E+00  0.0000E+00  0.0000E+00  0.0000E+00
       5      278      276      277        0        0                         0.2167E+13  0.9815E+10  0.5837E+09  0.1675E+09  0.1235E+10  0.2175E+09  0.0000E+00  0.0000E+00
       2      279       49      278       49        0                         0.2165E+13  0.9812E+10  0.5759E+09  0.1616E+09  0.1228E+10  0.2230E+09  0.0000E+00  0.0000E+00
       5      280       36      279        0        0                         0.2273E+13  0.9918E+10  0.6639E+09  0.1969E+09  0.1286E+10  0.2254E+09  0.0000E+00  0.0000E+00
      11      281       52        0        0        0                  36p    0.0000E+00  0.0000E+00  0.0000E+00  0.0000E+00  0.0000E+00  0.0000E+00  0.0000E+00  0.0000E+00
       5      282      280      281        0        0                         0.2273E+13  0.9918E+10  0.6639E+09  0.1969E+09  0.1286E+10  0.2254E+09  0.0000E+00  0.0000E+00
       2      283       36      282       36        0                         0.2266E+13  0.6868E+10  0.5583E+09  0.1426E+09  0.1321E+10  0.2747E+09  0.0000E+00  0.0000E+00
       5      284       14      206        0        0                         0.2914E+12  0.1258E+09  0.1449E+09  0.4995E+08  0.1251E+09  0.2444E+08  0.0000E+00  0.0000E+00
       5      285      284      283        0        0                         0.2557E+13  0.6994E+10  0.7032E+09  0.1926E+09  0.1446E+10  0.2992E+09  0.0000E+00  0.0000E+00
      11      286       53        0        0        0                  14p    0.0000E+00  0.0000E+00  0.0000E+00  0.0000E+00  0.0000E+00  0.0000E+00  0.0000E+00  0.0000E+00
       5      287      285      286        0        0                         0.2557E+13  0.6994E+10  0.7032E+09  0.1926E+09  0.1446E+10  0.2992E+09  0.0000E+00  0.0000E+00
       2      288       14      287       14        0                         0.2553E+13  0.5582E+10  0.5859E+09  0.1455E+09  0.1520E+10  0.3402E+09  0.0000E+00  0.0000E+00
       5      289        7      288        0        0                         0.2582E+13  0.5595E+10  0.6022E+09  0.1507E+09  0.1535E+10  0.3405E+09  0.0000E+00  0.0000E+00
      11      290       54        0        0        0                   7p    0.0000E+00  0.0000E+00  0.0000E+00  0.0000E+00  0.0000E+00  0.0000E+00  0.0000E+00  0.0000E+00
       5      291      289      290        0        0                         0.2582E+13  0.5595E+10  0.6022E+09  0.1507E+09  0.1535E+10  0.3405E+09  0.0000E+00  0.0000E+00
       2      292        7      291        7        0                         0.2577E+13  0.5265E+10  0.5424E+09  0.1295E+09  0.1585E+10  0.3582E+09  0.0000E+00  0.0000E+00
       3      293       23      292        0        0                         0.2577E+13  0.1168E+11  0.5409E+09  0.1290E+09  0.1578E+10  0.3557E+09  0.0000E+00  0.0000E+00
       5      294        3      293        0        0                         0.2620E+13  0.1172E+11  0.5963E+09  0.1458E+09  0.1634E+10  0.3564E+09  0.0000E+00  0.0000E+00
      11      295       55        0        0        0                   3p    0.0000E+00  0.0000E+00  0.0000E+00  0.0000E+00  0.0000E+00  0.0000E+00  0.0000E+00  0.0000E+00
       5      296      294      295        0        0                         0.2620E+13  0.1172E+11  0.5963E+09  0.1458E+09  0.1634E+10  0.3564E+09  0.0000E+00  0.0000E+00
       2      297        3      296        3        0                         0.2618E+13  0.1021E+11  0.5936E+09  0.1428E+09  0.1626E+10  0.3592E+09  0.0000E+00  0.0000E+00
      14      297        1        0        0        0                         0.2618E+13  0.1021E+11  0.5936E+09  0.1428E+09  0.1626E+10  0.3592E+09  0.0000E+00  0.0000E+00
